<?xml version="1.0" encoding="UTF-8"?>
<!-- Generated by org.testng.reporters.JUnitReportReporter -->
<testsuite skipped="0" hostname="Vigneshs-MacBook-Air-2.local" name="AmazonPOM.testcases.AmazonPOCTestcase" tests="1" failures="0" timestamp="2019-12-14T16:34:26 IST" time="14.604" errors="0">
  <testcase name="buyProduct" time="14.604" classname="AmazonPOM.testcases.AmazonPOCTestcase"/>
</testsuite> <!-- AmazonPOM.testcases.AmazonPOCTestcase -->
